<?xml version="1.0" encoding="UTF-8"?>
<!-- Generated by org.testng.reporters.JUnitXMLReporter -->
<testsuite hostname="DESKTOP-GHCBEI2" ignored="0" name="Login Test" tests="4" failures="0" timestamp="2023-05-31T18:16:29 IST" time="16.955" errors="0">
  <testcase name="loginTestcase" time="5.407" classname="loginTC.LoginTestCase"/>
  <testcase name="loginTestcase" time="3.397" classname="loginTC.LoginTestCase"/>
  <testcase name="loginTestcase" time="4.326" classname="loginTC.LoginTestCase"/>
  <testcase name="loginTestcase" time="3.752" classname="loginTC.LoginTestCase"/>
</testsuite> <!-- Login Test -->
