<?xml version="1.0" encoding="UTF-8"?>
<testng-results skipped="0" failed="0" ignored="0" total="1" passed="1">
  <reporter-output>
  </reporter-output>
  <suite name="Default suite" duration-ms="55" started-at="2023-05-30T20:02:51 IST" finished-at="2023-05-30T20:02:51 IST">
    <groups>
    </groups>
    <test name="Default test" duration-ms="55" started-at="2023-05-30T20:02:51 IST" finished-at="2023-05-30T20:02:51 IST">
      <class name="testNG.AnnotationHierarchy">
        <test-method status="PASS" signature="beforeSuite()[pri:0, instance:testNG.AnnotationHierarchy@2353b3e6]" name="beforeSuite" is-config="true" duration-ms="10" started-at="2023-05-30T20:02:51 IST" finished-at="2023-05-30T20:02:51 IST">
          <reporter-output>
          </reporter-output>
        </test-method> <!-- beforeSuite -->
        <test-method status="PASS" signature="beforeTest()[pri:0, instance:testNG.AnnotationHierarchy@2353b3e6]" name="beforeTest" is-config="true" duration-ms="1" started-at="2023-05-30T20:02:51 IST" finished-at="2023-05-30T20:02:51 IST">
          <reporter-output>
          </reporter-output>
        </test-method> <!-- beforeTest -->
        <test-method status="PASS" signature="beforeClass()[pri:0, instance:testNG.AnnotationHierarchy@2353b3e6]" name="beforeClass" is-config="true" duration-ms="0" started-at="2023-05-30T20:02:51 IST" finished-at="2023-05-30T20:02:51 IST">
          <reporter-output>
          </reporter-output>
        </test-method> <!-- beforeClass -->
        <test-method status="PASS" signature="beforeMethod()[pri:0, instance:testNG.AnnotationHierarchy@2353b3e6]" name="beforeMethod" is-config="true" duration-ms="1" started-at="2023-05-30T20:02:51 IST" finished-at="2023-05-30T20:02:51 IST">
          <reporter-output>
          </reporter-output>
        </test-method> <!-- beforeMethod -->
        <test-method status="PASS" signature="test()[pri:0, instance:testNG.AnnotationHierarchy@2353b3e6]" name="test" duration-ms="7" started-at="2023-05-30T20:02:51 IST" finished-at="2023-05-30T20:02:51 IST">
          <reporter-output>
          </reporter-output>
        </test-method> <!-- test -->
        <test-method status="PASS" signature="afterMethod()[pri:0, instance:testNG.AnnotationHierarchy@2353b3e6]" name="afterMethod" is-config="true" duration-ms="0" started-at="2023-05-30T20:02:51 IST" finished-at="2023-05-30T20:02:51 IST">
          <reporter-output>
          </reporter-output>
        </test-method> <!-- afterMethod -->
        <test-method status="PASS" signature="afterClass()[pri:0, instance:testNG.AnnotationHierarchy@2353b3e6]" name="afterClass" is-config="true" duration-ms="0" started-at="2023-05-30T20:02:51 IST" finished-at="2023-05-30T20:02:51 IST">
          <reporter-output>
          </reporter-output>
        </test-method> <!-- afterClass -->
        <test-method status="PASS" signature="afterTest()[pri:0, instance:testNG.AnnotationHierarchy@2353b3e6]" name="afterTest" is-config="true" duration-ms="0" started-at="2023-05-30T20:02:51 IST" finished-at="2023-05-30T20:02:51 IST">
          <reporter-output>
          </reporter-output>
        </test-method> <!-- afterTest -->
        <test-method status="PASS" signature="afterSuite()[pri:0, instance:testNG.AnnotationHierarchy@2353b3e6]" name="afterSuite" is-config="true" duration-ms="0" started-at="2023-05-30T20:02:51 IST" finished-at="2023-05-30T20:02:51 IST">
          <reporter-output>
          </reporter-output>
        </test-method> <!-- afterSuite -->
      </class> <!-- testNG.AnnotationHierarchy -->
    </test> <!-- Default test -->
  </suite> <!-- Default suite -->
</testng-results>
