<?xml version="1.0" encoding="UTF-8"?>
<!-- Generated by org.testng.reporters.JUnitXMLReporter -->
<testsuite hostname="DESKTOP-GHCBEI2" ignored="0" name="Default test" tests="4" failures="0" timestamp="2023-05-31T19:18:19 IST" time="7.607" errors="0">
  <testcase name="loginTestcase" time="1.816" classname="loginTC.LoginTestCase_JXL"/>
  <testcase name="loginTestcase" time="0.517" classname="loginTC.LoginTestCase_JXL"/>
  <testcase name="loginTestcase" time="0.732" classname="loginTC.LoginTestCase_JXL"/>
  <testcase name="loginTestcase" time="0.674" classname="loginTC.LoginTestCase_JXL"/>
</testsuite> <!-- Default test -->
